app/build/outputs/logs/manifest-merger-debug-report.txt
-- Merging decision tree log ---
manifest
ADDED from src\main\AndroidManifest.xml:2:1-34:12
INJECTED from src\main\AndroidManifest.xml:2:1-34:12
INJECTED from src\main\AndroidManifest.xml:2:1-34:12
INJECTED from src\main\AndroidManifest.xml:2:1-34:12
INJECTED from src\main\AndroidManifest.xml:2:1-34:12
INJECTED from src\main\AndroidManifest.xml:2:1-34:12
INJECTED from src\main\AndroidManifest.xml:2:1-34:12
	package
		ADDED from src\main\AndroidManifest.xml:3:7-33
		INJECTED from src\main\AndroidManifest.xml
		INJECTED from src\main\AndroidManifest.xml
	android:versionName
		ADDED from src\main\AndroidManifest.xml:5:7-35
		INJECTED from src\main\AndroidManifest.xml
		INJECTED from src\main\AndroidManifest.xml
	xmlns:android
		ADDED from src\main\AndroidManifest.xml:2:11-69
	android:versionCode
		ADDED from src\main\AndroidManifest.xml:4:7-37
		INJECTED from src\main\AndroidManifest.xml
		INJECTED from src\main\AndroidManifest.xml
uses-permission#android.permission.WRITE_EXTERNAL_STORAGE
ADDED from src\main\AndroidManifest.xml:7:5-81
	android:name
		ADDED from src\main\AndroidManifest.xml:7:22-78
application
ADDED from src\main\AndroidManifest.xml:10:5-33:19
	android:label
		ADDED from src\main\AndroidManifest.xml:10:51-83
	android:icon
		ADDED from src\main\AndroidManifest.xml:10:18-50
activity#com.psone.memorymanager.MCTabsWidget
ADDED from src\main\AndroidManifest.xml:11:9-18:20
	android:screenOrientation
		ADDED from src\main\AndroidManifest.xml:13:19-56
	android:label
		ADDED from src\main\AndroidManifest.xml:12:19-51
	android:name
		ADDED from src\main\AndroidManifest.xml:11:19-70
intent-filter#action:name:android.intent.action.MAIN+category:name:android.intent.category.LAUNCHER
ADDED from src\main\AndroidManifest.xml:14:13-17:29
action#android.intent.action.MAIN
ADDED from src\main\AndroidManifest.xml:15:17-69
	android:name
		ADDED from src\main\AndroidManifest.xml:15:25-66
category#android.intent.category.LAUNCHER
ADDED from src\main\AndroidManifest.xml:16:17-77
	android:name
		ADDED from src\main\AndroidManifest.xml:16:27-74
activity#com.psone.memorymanager.FileBrowser
ADDED from src\main\AndroidManifest.xml:20:6-21:49
	android:screenOrientation
		ADDED from src\main\AndroidManifest.xml:21:10-47
	android:label
		ADDED from src\main\AndroidManifest.xml:20:67-99
	android:name
		ADDED from src\main\AndroidManifest.xml:20:16-66
activity#com.psone.memorymanager.MCViewActivity
ADDED from src\main\AndroidManifest.xml:22:6-27:17
	android:screenOrientation
		ADDED from src\main\AndroidManifest.xml:23:10-47
	android:name
		ADDED from src\main\AndroidManifest.xml:22:16-69
intent-filter#action:name:com.psone.memory-manager.COPYMC
ADDED from src\main\AndroidManifest.xml:24:10-26:26
action#com.psone.memory-manager.COPYMC
ADDED from src\main\AndroidManifest.xml:25:13-77
	android:name
		ADDED from src\main\AndroidManifest.xml:25:21-67
activity#com.psone.memorymanager.MCViewActivityTab2
ADDED from src\main\AndroidManifest.xml:29:6-30:49
	android:screenOrientation
		ADDED from src\main\AndroidManifest.xml:30:10-47
	android:name
		ADDED from src\main\AndroidManifest.xml:29:16-73
activity#com.psone.memorymanager.Prefs
ADDED from src\main\AndroidManifest.xml:31:9-103
	android:screenOrientation
		ADDED from src\main\AndroidManifest.xml:31:64-101
	android:name
		ADDED from src\main\AndroidManifest.xml:31:19-63
activity#com.psone.memorymanager.EditHeader
ADDED from src\main\AndroidManifest.xml:32:9-108
	android:screenOrientation
		ADDED from src\main\AndroidManifest.xml:32:69-106
	android:name
		ADDED from src\main\AndroidManifest.xml:32:19-68
uses-sdk
INJECTED from src\main\AndroidManifest.xml reason: use-sdk injection requested
INJECTED from src\main\AndroidManifest.xml
INJECTED from src\main\AndroidManifest.xml
INJECTED from src\main\AndroidManifest.xml
INJECTED from src\main\AndroidManifest.xml
	android:targetSdkVersion
		INJECTED from src\main\AndroidManifest.xml
		ADDED from src\main\AndroidManifest.xml
		INJECTED from src\main\AndroidManifest.xml
	android:minSdkVersion
		INJECTED from src\main\AndroidManifest.xml
		ADDED from src\main\AndroidManifest.xml
		INJECTED from src\main\AndroidManifest.xml